Release 14.7 - xst P.20131013 (nt)
Copyright (c) 1995-2013 Xilinx, Inc.  All rights reserved.
--> Parameter TMPDIR set to xst/projnav.tmp


Total REAL time to Xst completion: 0.00 secs
Total CPU time to Xst completion: 0.36 secs
 
--> Parameter xsthdpdir set to xst


Total REAL time to Xst completion: 0.00 secs
Total CPU time to Xst completion: 0.37 secs
 
--> Reading design: alu.prj

TABLE OF CONTENTS
  1) Synthesis Options Summary
  2) HDL Parsing
  3) HDL Elaboration
  4) HDL Synthesis
       4.1) HDL Synthesis Report
  5) Advanced HDL Synthesis
       5.1) Advanced HDL Synthesis Report
  6) Low Level Synthesis
  7) Partition Report
  8) Design Summary
       8.1) Primitive and Black Box Usage
       8.2) Device utilization summary
       8.3) Partition Resource Summary
       8.4) Timing Report
            8.4.1) Clock Information
            8.4.2) Asynchronous Control Signals Information
            8.4.3) Timing Summary
            8.4.4) Timing Details
            8.4.5) Cross Clock Domains Report


=========================================================================
*                      Synthesis Options Summary                        *
=========================================================================
---- Source Parameters
Input File Name                    : "alu.prj"
Ignore Synthesis Constraint File   : NO

---- Target Parameters
Output File Name                   : "alu"
Output Format                      : NGC
Target Device                      : xc6slx45-3-csg324

---- Source Options
Top Module Name                    : alu
Automatic FSM Extraction           : YES
FSM Encoding Algorithm             : Auto
Safe Implementation                : No
FSM Style                          : LUT
RAM Extraction                     : Yes
RAM Style                          : Auto
ROM Extraction                     : Yes
Shift Register Extraction          : YES
ROM Style                          : Auto
Resource Sharing                   : YES
Asynchronous To Synchronous        : NO
Shift Register Minimum Size        : 2
Use DSP Block                      : Auto
Automatic Register Balancing       : No

---- Target Options
LUT Combining                      : Auto
Reduce Control Sets                : Auto
Add IO Buffers                     : YES
Global Maximum Fanout              : 100000
Add Generic Clock Buffer(BUFG)     : 16
Register Duplication               : YES
Optimize Instantiated Primitives   : NO
Use Clock Enable                   : Auto
Use Synchronous Set                : Auto
Use Synchronous Reset              : Auto
Pack IO Registers into IOBs        : Auto
Equivalent register Removal        : YES

---- General Options
Optimization Goal                  : Speed
Optimization Effort                : 1
Power Reduction                    : NO
Keep Hierarchy                     : No
Netlist Hierarchy                  : As_Optimized
RTL Output                         : Yes
Global Optimization                : AllClockNets
Read Cores                         : YES
Write Timing Constraints           : NO
Cross Clock Analysis               : NO
Hierarchy Separator                : /
Bus Delimiter                      : <>
Case Specifier                     : Maintain
Slice Utilization Ratio            : 100
BRAM Utilization Ratio             : 100
DSP48 Utilization Ratio            : 100
Auto BRAM Packing                  : NO
Slice Utilization Ratio Delta      : 5

=========================================================================


=========================================================================
*                          HDL Parsing                                  *
=========================================================================
Analyzing Verilog file "\\vmware-host\shared folders\cs141_vm_shared\lab2\add1.v" into library work
Parsing module <add1>.
Analyzing Verilog file "\\vmware-host\shared folders\cs141_vm_shared\lab2\add2.v" into library work
Parsing module <add2>.
Analyzing Verilog file "\\vmware-host\shared folders\cs141_vm_shared\lab2\add4.v" into library work
Parsing module <add4>.
Analyzing Verilog file "\\vmware-host\shared folders\cs141_vm_shared\lab2\add8.v" into library work
Parsing module <add8>.
Analyzing Verilog file "\\vmware-host\shared folders\cs141_vm_shared\lab2\mux_4to1.v" into library work
Parsing module <mux_4to1>.
Analyzing Verilog file "\\vmware-host\shared folders\cs141_vm_shared\lab2\add16.v" into library work
Parsing module <add16>.
Analyzing Verilog file "\\vmware-host\shared folders\cs141_vm_shared\lab2\mux_8to1.v" into library work
Parsing module <mux_8to1>.
Analyzing Verilog file "\\vmware-host\shared folders\cs141_vm_shared\lab2\add32.v" into library work
Parsing module <add32>.
Analyzing Verilog file "\\vmware-host\shared folders\cs141_vm_shared\lab2\sub32.v" into library work
Parsing module <sub32>.
Analyzing Verilog file "\\vmware-host\shared folders\cs141_vm_shared\lab2\slt.v" into library work
Parsing module <slt>.
Analyzing Verilog file "\\vmware-host\shared folders\cs141_vm_shared\lab2\mux_16to1.v" into library work
Parsing module <mux_16to1>.
Analyzing Verilog file "\\vmware-host\shared folders\cs141_vm_shared\lab2\alu.v" into library work
Parsing verilog file "alu_defines.v" included at line 12.
Parsing module <alu>.

=========================================================================
*                            HDL Elaboration                            *
=========================================================================
WARNING:HDLCompiler:1016 - "\\vmware-host\shared folders\cs141_vm_shared\lab2\alu.v" Line 42: Port diff is not connected to this instance

Elaborating module <alu>.

Elaborating module <add32>.

Elaborating module <add16>.

Elaborating module <add8>.

Elaborating module <add4>.

Elaborating module <add2>.

Elaborating module <add1>.
WARNING:HDLCompiler:1127 - "\\vmware-host\shared folders\cs141_vm_shared\lab2\add32.v" Line 29: Assignment to cout_upper ignored, since the identifier is never used
WARNING:HDLCompiler:1127 - "\\vmware-host\shared folders\cs141_vm_shared\lab2\alu.v" Line 38: Assignment to add_overflow ignored, since the identifier is never used

Elaborating module <sub32>.
WARNING:HDLCompiler:1127 - "\\vmware-host\shared folders\cs141_vm_shared\lab2\sub32.v" Line 23: Assignment to add_overflow ignored, since the identifier is never used

Elaborating module <slt>.
WARNING:HDLCompiler:1127 - "\\vmware-host\shared folders\cs141_vm_shared\lab2\alu.v" Line 54: Assignment to temp_equal ignored, since the identifier is never used

Elaborating module <mux_16to1>.

Elaborating module <mux_8to1(WIDTH=32)>.

Elaborating module <mux_4to1(WIDTH=32)>.
WARNING:HDLCompiler:634 - "\\vmware-host\shared folders\cs141_vm_shared\lab2\alu.v" Line 50: Net <temp_z[31]> does not have a driver.
WARNING:HDLCompiler:552 - "\\vmware-host\shared folders\cs141_vm_shared\lab2\alu.v" Line 42: Input port diff[31] is not connected on this instance

=========================================================================
*                           HDL Synthesis                               *
=========================================================================

Synthesizing Unit <alu>.
    Related source file is "\\vmware-host\shared folders\cs141_vm_shared\lab2\alu.v".
WARNING:Xst:2898 - Port 'diff', unconnected in block instance 'SLT', is tied to GND.
INFO:Xst:3210 - "\\vmware-host\shared folders\cs141_vm_shared\lab2\alu.v" line 38: Output port <overflow> of the instance <ADD> is unconnected or connected to loadless signal.
WARNING:Xst:653 - Signal <temp_z> is used but never assigned. This sourceless signal will be automatically connected to value GND.
    Summary:
Unit <alu> synthesized.

Synthesizing Unit <add32>.
    Related source file is "\\vmware-host\shared folders\cs141_vm_shared\lab2\add32.v".
WARNING:Xst:647 - Input <cin> is never used. This port will be preserved and left unconnected if it belongs to a top-level block or it belongs to a sub-block and the hierarchy of this sub-block is preserved.
INFO:Xst:3210 - "\\vmware-host\shared folders\cs141_vm_shared\lab2\add32.v" line 29: Output port <cout> of the instance <ADD_UPPER_16> is unconnected or connected to loadless signal.
    Summary:
Unit <add32> synthesized.

Synthesizing Unit <add16>.
    Related source file is "\\vmware-host\shared folders\cs141_vm_shared\lab2\add16.v".
    Summary:
	no macro.
Unit <add16> synthesized.

Synthesizing Unit <add8>.
    Related source file is "\\vmware-host\shared folders\cs141_vm_shared\lab2\add8.v".
    Summary:
	no macro.
Unit <add8> synthesized.

Synthesizing Unit <add4>.
    Related source file is "\\vmware-host\shared folders\cs141_vm_shared\lab2\add4.v".
    Summary:
	no macro.
Unit <add4> synthesized.

Synthesizing Unit <add2>.
    Related source file is "\\vmware-host\shared folders\cs141_vm_shared\lab2\add2.v".
    Summary:
	no macro.
Unit <add2> synthesized.

Synthesizing Unit <add1>.
    Related source file is "\\vmware-host\shared folders\cs141_vm_shared\lab2\add1.v".
    Summary:
Unit <add1> synthesized.

Synthesizing Unit <sub32>.
    Related source file is "\\vmware-host\shared folders\cs141_vm_shared\lab2\sub32.v".
INFO:Xst:3210 - "\\vmware-host\shared folders\cs141_vm_shared\lab2\sub32.v" line 23: Output port <overflow> of the instance <ADD_NEG_Y> is unconnected or connected to loadless signal.
    Summary:
Unit <sub32> synthesized.

Synthesizing Unit <slt>.
    Related source file is "\\vmware-host\shared folders\cs141_vm_shared\lab2\slt.v".
WARNING:Xst:647 - Input <diff<30:0>> is never used. This port will be preserved and left unconnected if it belongs to a top-level block or it belongs to a sub-block and the hierarchy of this sub-block is preserved.
WARNING:Xst:647 - Input <Y_sign> is never used. This port will be preserved and left unconnected if it belongs to a top-level block or it belongs to a sub-block and the hierarchy of this sub-block is preserved.
    Summary:
	inferred   1 Multiplexer(s).
Unit <slt> synthesized.

Synthesizing Unit <mux_16to1>.
    Related source file is "\\vmware-host\shared folders\cs141_vm_shared\lab2\mux_16to1.v".
        WIDTH = 32
    Summary:
	inferred   1 Multiplexer(s).
Unit <mux_16to1> synthesized.

Synthesizing Unit <mux_8to1>.
    Related source file is "\\vmware-host\shared folders\cs141_vm_shared\lab2\mux_8to1.v".
        WIDTH = 32
    Summary:
	inferred   1 Multiplexer(s).
Unit <mux_8to1> synthesized.

Synthesizing Unit <mux_4to1>.
    Related source file is "\\vmware-host\shared folders\cs141_vm_shared\lab2\mux_4to1.v".
        WIDTH = 32
    Summary:
	inferred   3 Multiplexer(s).
Unit <mux_4to1> synthesized.

=========================================================================
HDL Synthesis Report

Macro Statistics
# Multiplexers                                         : 16
 32-bit 2-to-1 multiplexer                             : 16
# Xors                                                 : 135
 1-bit xor2                                            : 134
 32-bit xor2                                           : 1

=========================================================================

=========================================================================
*                       Advanced HDL Synthesis                          *
=========================================================================


=========================================================================
Advanced HDL Synthesis Report

Macro Statistics
# Multiplexers                                         : 15
 32-bit 2-to-1 multiplexer                             : 15
# Xors                                                 : 135
 1-bit xor2                                            : 134
 32-bit xor2                                           : 1

=========================================================================

=========================================================================
*                         Low Level Synthesis                           *
=========================================================================

Optimizing unit <alu> ...

Mapping all equations...
Building and optimizing final netlist ...
Found area constraint ratio of 100 (+ 5) on block alu, actual ratio is 0.

Final Macro Processing ...

=========================================================================
Final Register Report

Found no macro
=========================================================================

=========================================================================
*                           Partition Report                            *
=========================================================================

Partition Implementation Status
-------------------------------

  No Partitions were found in this design.

-------------------------------

=========================================================================
*                            Design Summary                             *
=========================================================================

Top Level Output File Name         : alu.ngc

Primitive and Black Box Usage:
------------------------------
# BELS                             : 159
#      LUT3                        : 29
#      LUT4                        : 33
#      LUT5                        : 88
#      LUT6                        : 7
#      MUXF7                       : 1
#      VCC                         : 1
# IO Buffers                       : 101
#      IBUF                        : 68
#      OBUF                        : 33

Device utilization summary:
---------------------------

Selected Device : 6slx45csg324-3 


Slice Logic Utilization: 
 Number of Slice LUTs:                  157  out of  27288     0%  
    Number used as Logic:               157  out of  27288     0%  

Slice Logic Distribution: 
 Number of LUT Flip Flop pairs used:    157
   Number with an unused Flip Flop:     157  out of    157   100%  
   Number with an unused LUT:             0  out of    157     0%  
   Number of fully used LUT-FF pairs:     0  out of    157     0%  
   Number of unique control sets:         0

IO Utilization: 
 Number of IOs:                         103
 Number of bonded IOBs:                 101  out of    218    46%  

Specific Feature Utilization:

---------------------------
Partition Resource Summary:
---------------------------

  No Partitions were found in this design.

---------------------------


=========================================================================
Timing Report

NOTE: THESE TIMING NUMBERS ARE ONLY A SYNTHESIS ESTIMATE.
      FOR ACCURATE TIMING INFORMATION PLEASE REFER TO THE TRACE REPORT
      GENERATED AFTER PLACE-and-ROUTE.

Clock Information:
------------------
No clock signals found in this design

Asynchronous Control Signals Information:
----------------------------------------
No asynchronous control signals found in this design

Timing Summary:
---------------
Speed Grade: -3

   Minimum period: No path found
   Minimum input arrival time before clock: No path found
   Maximum output required time after clock: No path found
   Maximum combinational path delay: 25.161ns

Timing Details:
---------------
All values displayed in nanoseconds (ns)

=========================================================================
Timing constraint: Default path analysis
  Total number of paths / destination ports: 2375 / 32
-------------------------------------------------------------------------
Delay:               25.161ns (Levels of Logic = 20)
  Source:            Y<1> (PAD)
  Destination:       Z<31> (PAD)

  Data Path: Y<1> to Z<31>
                                Gate     Net
    Cell:in->out      fanout   Delay   Delay  Logical Name (Net Name)
    ----------------------------------------  ------------
     IBUF:I->O             7   1.222   1.021  Y_1_IBUF (Y_1_IBUF)
     LUT4:I0->O            2   0.203   0.961  ADD/ADD_LOWER_16/ADD_LOWER_8/ADD_4_LOWER/ADD_2_LOWER/ADD_1_UPPER/cout1 (ADD/ADD_LOWER_16/ADD_LOWER_8/ADD_4_LOWER/cout_lower)
     LUT5:I0->O            3   0.203   0.995  ADD/ADD_LOWER_16/ADD_LOWER_8/ADD_4_LOWER/ADD_2_UPPER/ADD_1_UPPER/cout1 (ADD/ADD_LOWER_16/ADD_LOWER_8/cout_lower)
     LUT5:I0->O            3   0.203   0.995  ADD/ADD_LOWER_16/ADD_LOWER_8/ADD_4_UPPER/ADD_2_LOWER/ADD_1_UPPER/cout1 (ADD/ADD_LOWER_16/ADD_LOWER_8/ADD_4_UPPER/cout_lower)
     LUT5:I0->O            3   0.203   0.995  ADD/ADD_LOWER_16/ADD_LOWER_8/ADD_4_UPPER/ADD_2_UPPER/ADD_1_UPPER/cout1 (ADD/ADD_LOWER_16/cout_lower)
     LUT5:I0->O            3   0.203   0.995  ADD/ADD_LOWER_16/ADD_UPPER_8/ADD_4_LOWER/ADD_2_LOWER/ADD_1_UPPER/cout1 (ADD/ADD_LOWER_16/ADD_UPPER_8/ADD_4_LOWER/cout_lower)
     LUT5:I0->O            3   0.203   0.995  ADD/ADD_LOWER_16/ADD_UPPER_8/ADD_4_LOWER/ADD_2_UPPER/ADD_1_UPPER/cout1 (ADD/ADD_LOWER_16/ADD_UPPER_8/cout_lower)
     LUT5:I0->O            3   0.203   0.995  ADD/ADD_LOWER_16/ADD_UPPER_8/ADD_4_UPPER/ADD_2_LOWER/ADD_1_UPPER/cout1 (ADD/ADD_LOWER_16/ADD_UPPER_8/ADD_4_UPPER/cout_lower)
     LUT5:I0->O            3   0.203   0.995  ADD/ADD_LOWER_16/ADD_UPPER_8/ADD_4_UPPER/ADD_2_UPPER/ADD_1_UPPER/cout1 (ADD/cout_lower)
     LUT5:I0->O            3   0.203   0.995  ADD/ADD_UPPER_16/ADD_LOWER_8/ADD_4_LOWER/ADD_2_LOWER/ADD_1_UPPER/cout1 (ADD/ADD_UPPER_16/ADD_LOWER_8/ADD_4_LOWER/cout_lower)
     LUT5:I0->O            3   0.203   0.995  ADD/ADD_UPPER_16/ADD_LOWER_8/ADD_4_LOWER/ADD_2_UPPER/ADD_1_UPPER/cout1 (ADD/ADD_UPPER_16/ADD_LOWER_8/cout_lower)
     LUT5:I0->O            3   0.203   0.995  ADD/ADD_UPPER_16/ADD_LOWER_8/ADD_4_UPPER/ADD_2_LOWER/ADD_1_UPPER/cout1 (ADD/ADD_UPPER_16/ADD_LOWER_8/ADD_4_UPPER/cout_lower)
     LUT5:I0->O            3   0.203   0.995  ADD/ADD_UPPER_16/ADD_LOWER_8/ADD_4_UPPER/ADD_2_UPPER/ADD_1_UPPER/cout1 (ADD/ADD_UPPER_16/cout_lower)
     LUT5:I0->O            3   0.203   0.995  ADD/ADD_UPPER_16/ADD_UPPER_8/ADD_4_LOWER/ADD_2_LOWER/ADD_1_UPPER/cout1 (ADD/ADD_UPPER_16/ADD_UPPER_8/ADD_4_LOWER/cout_lower)
     LUT5:I0->O            3   0.203   0.995  ADD/ADD_UPPER_16/ADD_UPPER_8/ADD_4_LOWER/ADD_2_UPPER/ADD_1_UPPER/cout1 (ADD/ADD_UPPER_16/ADD_UPPER_8/cout_lower)
     LUT5:I0->O            2   0.203   0.845  ADD/ADD_UPPER_16/ADD_UPPER_8/ADD_4_UPPER/ADD_2_LOWER/ADD_1_UPPER/cout1 (ADD/ADD_UPPER_16/ADD_UPPER_8/ADD_4_UPPER/cout_lower)
     LUT3:I0->O            1   0.205   0.684  ADD/ADD_UPPER_16/ADD_UPPER_8/ADD_4_UPPER/ADD_2_UPPER/ADD_1_LOWER/cout1 (ADD/ADD_UPPER_16/ADD_UPPER_8/ADD_4_UPPER/ADD_2_UPPER/cout_lower)
     LUT5:I3->O            1   0.203   0.684  OUTPUT/Mmux_result502 (OUTPUT/Mmux_result501)
     LUT4:I2->O            1   0.203   0.579  OUTPUT/Mmux_result503 (Z_31_OBUF)
     OBUF:I->O                 2.571          Z_31_OBUF (Z<31>)
    ----------------------------------------
    Total                     25.161ns (7.449ns logic, 17.712ns route)
                                       (29.6% logic, 70.4% route)

=========================================================================

Cross Clock Domains Report:
--------------------------

=========================================================================


Total REAL time to Xst completion: 9.00 secs
Total CPU time to Xst completion: 9.39 secs
 
--> 

Total memory usage is 184372 kilobytes

Number of errors   :    0 (   0 filtered)
Number of warnings :   12 (   0 filtered)
Number of infos    :    3 (   0 filtered)

