Running: C:\Xilinx\14.7\ISE_DS\ISE\bin\nt\unwrapped\fuse.exe -intstyle ise -incremental -lib unisims_ver -lib unimacro_ver -lib xilinxcorelib_ver -lib secureip -o Z:/cs141_vm_shared/lab1_project/testbench_isim_beh.exe -prj Z:/cs141_vm_shared/lab1_project/testbench_beh.prj work.testbench work.glbl 
ISim P.20131013 (signature 0x8ef4fb42)
Number of CPUs detected in this system: 1
Turning on mult-threading, number of parallel sub-compilation jobs: 0 
Determining compilation order of HDL files
Analyzing Verilog file "Z:/cs141_vm_shared/lab1_project/main.v" into library work
Analyzing Verilog file "Z:/cs141_vm_shared/lab1_project/testbench.v" into library work
Analyzing Verilog file "C:/Xilinx/14.7/ISE_DS/ISE//verilog/src/glbl.v" into library work
Starting static elaboration
Completed static elaboration
Fuse Memory Usage: 102520 KB
Fuse CPU Usage: 296 ms
Compiling module main
Compiling module testbench
Compiling module glbl
Time Resolution for simulation is 1ps.
Compiled 3 Verilog Units
Built simulation executable Z:/cs141_vm_shared/lab1_project/testbench_isim_beh.exe
Fuse Memory Usage: 106088 KB
Fuse CPU Usage: 374 ms
